<?xml version="1.0" encoding="UTF-8"?>
<!-- Generated by org.testng.reporters.JUnitXMLReporter -->
<testsuite hostname="admin-PC" ignored="0" name="Add Customer Test" tests="1" failures="1" timestamp="21 Aug 2018 02:40:41 GMT" time="8.587" errors="0">
  <testcase name="addCustomerTest" time="8.438" classname="com.infofactors.testcaes.AddCustomerTest">
    <failure type="java.lang.AssertionError" message="Add Customer Fail">
      <![CDATA[java.lang.AssertionError: Add Customer Fail
at com.infofactors.testcaes.AddCustomerTest.addCustomerTest(AddCustomerTest.java:38)
... Removed 26 stack frames]]>
    </failure>
  </testcase> <!-- addCustomerTest -->
</testsuite> <!-- Add Customer Test -->
