<?xml version="1.0" encoding="UTF-8"?>
<!-- Generated by org.testng.reporters.JUnitXMLReporter -->
<testsuite hostname="admin-PC" ignored="0" name="Bank Manager LoginTest" tests="1" failures="1" timestamp="21 Aug 2018 02:40:32 GMT" time="0.879" errors="0">
  <testcase name="loginAsBankManager" time="0.785" classname="com.infofactors.testcaes.BankManagerLoginTest">
    <failure type="java.lang.AssertionError" message="Bank Manger Login Fail">
      <![CDATA[java.lang.AssertionError: Bank Manger Login Fail
at com.infofactors.testcaes.BankManagerLoginTest.loginAsBankManager(BankManagerLoginTest.java:30)
... Removed 26 stack frames]]>
    </failure>
  </testcase> <!-- loginAsBankManager -->
</testsuite> <!-- Bank Manager LoginTest -->
