<?xml version="1.0" encoding="UTF-8"?>
<!-- Generated by org.testng.reporters.JUnitXMLReporter -->
<testsuite hostname="admin-PC" ignored="0" name="Add Customer Test" tests="7" failures="0" timestamp="22 Aug 2018 10:55:28 GMT" time="63.514" errors="0">
  <testcase name="addCustomerTest" time="10.188" classname="com.infofactors.testcaes.AddCustomerTest"/>
  <testcase name="addCustomerTest" time="8.712" classname="com.infofactors.testcaes.AddCustomerTest"/>
  <testcase name="addCustomerTest" time="8.978" classname="com.infofactors.testcaes.AddCustomerTest"/>
  <testcase name="addCustomerTest" time="8.692" classname="com.infofactors.testcaes.AddCustomerTest"/>
  <testcase name="addCustomerTest" time="8.955" classname="com.infofactors.testcaes.AddCustomerTest"/>
  <testcase name="addCustomerTest" time="8.622" classname="com.infofactors.testcaes.AddCustomerTest"/>
  <testcase name="addCustomerTest" time="8.734" classname="com.infofactors.testcaes.AddCustomerTest"/>
</testsuite> <!-- Add Customer Test -->
